<?xml version="1.0" encoding="UTF-8"?>
<testng-results ignored="0" total="5" passed="5" failed="0" skipped="0">
  <reporter-output>
  </reporter-output>
  <suite started-at="2024-02-29T10:26:31 IST" name="Suite" finished-at="2024-02-29T10:29:55 IST" duration-ms="204507">
    <groups>
      <group name="cucumber">
        <method signature="AbstractTestNGCucumberTests.runScenario(io.cucumber.testng.PickleWrapper,io.cucumber.testng.FeatureWrapper)[pri:0, instance:com.Identify_NewBikes.StepRunner.TestRunner@71075444]" name="runScenario" class="io.cucumber.testng.AbstractTestNGCucumberTests"/>
      </group> <!-- cucumber -->
    </groups>
    <test started-at="2024-02-29T10:26:31 IST" name="EdgeTest" finished-at="2024-02-29T10:29:55 IST" duration-ms="204507">
      <class name="com.Identify_NewBikes.StepRunner.TestRunner">
        <test-method is-config="true" signature="setUpClass(org.testng.ITestContext)[pri:0, instance:com.Identify_NewBikes.StepRunner.TestRunner@71075444]" started-at="2024-02-29T10:26:31 IST" name="setUpClass" finished-at="2024-02-29T10:26:34 IST" duration-ms="2742" status="PASS">
          <params>
            <param index="0">
              <value>
                <![CDATA[org.testng.TestRunner@2210e466]]>
              </value>
            </param>
          </params>
          <reporter-output>
          </reporter-output>
        </test-method> <!-- setUpClass -->
        <test-method signature="runScenario(io.cucumber.testng.PickleWrapper,io.cucumber.testng.FeatureWrapper)[pri:0, instance:com.Identify_NewBikes.StepRunner.TestRunner@71075444]" started-at="2024-02-29T10:26:34 IST" name="runScenario" description="Runs Cucumber Scenarios" data-provider="scenarios" finished-at="2024-02-29T10:26:55 IST" duration-ms="21458" status="PASS">
          <params>
            <param index="0">
              <value>
                <![CDATA["Hovering mouse on the new Bikes dropdown in the zig wheels website"]]>
              </value>
            </param>
            <param index="1">
              <value>
                <![CDATA["Identify New Bikes Smoke TestSuite"]]>
              </value>
            </param>
          </params>
          <reporter-output>
          </reporter-output>
        </test-method> <!-- runScenario -->
        <test-method signature="runScenario(io.cucumber.testng.PickleWrapper,io.cucumber.testng.FeatureWrapper)[pri:0, instance:com.Identify_NewBikes.StepRunner.TestRunner@71075444]" started-at="2024-02-29T10:26:55 IST" name="runScenario" description="Runs Cucumber Scenarios" data-provider="scenarios" finished-at="2024-02-29T10:27:45 IST" duration-ms="50156" status="PASS">
          <params>
            <param index="0">
              <value>
                <![CDATA["Selecting the "upcoming" options from new bikes drop down"]]>
              </value>
            </param>
            <param index="1">
              <value>
                <![CDATA["Identify New Bikes Smoke TestSuite"]]>
              </value>
            </param>
          </params>
          <reporter-output>
          </reporter-output>
        </test-method> <!-- runScenario -->
        <test-method signature="runScenario(io.cucumber.testng.PickleWrapper,io.cucumber.testng.FeatureWrapper)[pri:0, instance:com.Identify_NewBikes.StepRunner.TestRunner@71075444]" started-at="2024-02-29T10:27:45 IST" name="runScenario" description="Runs Cucumber Scenarios" data-provider="scenarios" finished-at="2024-02-29T10:28:16 IST" duration-ms="30420" status="PASS">
          <params>
            <param index="0">
              <value>
                <![CDATA["Hovering on used cars in the zig wheels website"]]>
              </value>
            </param>
            <param index="1">
              <value>
                <![CDATA["Identify New Bikes Smoke TestSuite"]]>
              </value>
            </param>
          </params>
          <reporter-output>
          </reporter-output>
        </test-method> <!-- runScenario -->
        <test-method signature="runScenario(io.cucumber.testng.PickleWrapper,io.cucumber.testng.FeatureWrapper)[pri:0, instance:com.Identify_NewBikes.StepRunner.TestRunner@71075444]" started-at="2024-02-29T10:28:16 IST" name="runScenario" description="Runs Cucumber Scenarios" data-provider="scenarios" finished-at="2024-02-29T10:29:03 IST" duration-ms="46786" status="PASS">
          <params>
            <param index="0">
              <value>
                <![CDATA["Try to 'Login' with google, give invalid account details & validate the error message in the zig wheels website"]]>
              </value>
            </param>
            <param index="1">
              <value>
                <![CDATA["Identify New Bikes Smoke TestSuite"]]>
              </value>
            </param>
          </params>
          <reporter-output>
          </reporter-output>
        </test-method> <!-- runScenario -->
        <test-method signature="runScenario(io.cucumber.testng.PickleWrapper,io.cucumber.testng.FeatureWrapper)[pri:0, instance:com.Identify_NewBikes.StepRunner.TestRunner@71075444]" started-at="2024-02-29T10:29:03 IST" name="runScenario" description="Runs Cucumber Scenarios" data-provider="scenarios" finished-at="2024-02-29T10:29:33 IST" duration-ms="30366" status="PASS">
          <params>
            <param index="0">
              <value>
                <![CDATA["Try to give invalid details in the search bar and validate the error in the zig wheels website"]]>
              </value>
            </param>
            <param index="1">
              <value>
                <![CDATA["Identify New Bikes Smoke TestSuite"]]>
              </value>
            </param>
          </params>
          <reporter-output>
          </reporter-output>
        </test-method> <!-- runScenario -->
        <test-method is-config="true" signature="tearDownClass()[pri:0, instance:com.Identify_NewBikes.StepRunner.TestRunner@71075444]" started-at="2024-02-29T10:29:33 IST" name="tearDownClass" finished-at="2024-02-29T10:29:55 IST" duration-ms="22406" status="PASS">
          <reporter-output>
          </reporter-output>
        </test-method> <!-- tearDownClass -->
      </class> <!-- com.Identify_NewBikes.StepRunner.TestRunner -->
    </test> <!-- EdgeTest -->
  </suite> <!-- Suite -->
</testng-results>
