<?xml version="1.0" encoding="UTF-8"?>
<testsuite xmlns:xsi="http://www.w3.org/2001/XMLSchema-instance" xsi:noNamespaceSchemaLocation="https://maven.apache.org/surefire/maven-surefire-plugin/xsd/surefire-test-report-3.0.xsd" version="3.0" name="TestSuite" time="207.256" tests="5" errors="0" skipped="0" failures="0">
  <properties>
[...]
</properties>
  <testcase name="runScenario[&quot;Hovering mouse on the new Bikes dropdown in the zig wheels website&quot;, &quot;Identify New Bikes Smoke TestSuite&quot;](1)" classname="com.Identify_NewBikes.StepRunner.TestRunner" time="21.539">
    <system-out><![CDATA[
@smoke
Scenario: Hovering mouse on the new Bikes dropdown in the zig wheels website                                            # src/test/resources/Features/Identify_NewBikes_Smoke.feature:4
  Given user navigates to zig wheels website with url                                                                   # com.Identify_NewBikes.StepDefinitions.NewBikesAndCars.user_navigates_to_zig_wheels_website_with_url()

    Embedding Hovering mouse on the new Bikes dropdown in the zig wheels website [image/png 1109402 bytes]

  When Upon hovering their mouse over the new bikes, the user will be able to view more details regarding the products. # com.Identify_NewBikes.StepDefinitions.NewBikesAndCars.upon_hovering_their_mouse_over_the_new_bikes_the_user_will_be_able_to_view_more_details_regarding_the_products()

    Embedding Hovering mouse on the new Bikes dropdown in the zig wheels website [image/png 929853 bytes]

]]></system-out>
    <system-err><![CDATA[SLF4J(W): No SLF4J providers were found.
SLF4J(W): Defaulting to no-operation (NOP) logger implementation
SLF4J(W): See https://www.slf4j.org/codes.html#noProviders for further details.
Feb 29, 2024 10:26:44 AM org.openqa.selenium.devtools.CdpVersionFinder findNearestMatch
WARNING: Unable to find CDP implementation matching 118
Feb 29, 2024 10:26:44 AM org.openqa.selenium.chromium.ChromiumDriver lambda$new$5
WARNING: Unable to find version of CDP to use for 118.0.5993.71. You may need to include a dependency on a specific version of the CDP using something similar to `org.seleniumhq.selenium:selenium-devtools-v86:4.17.0` where the version ("v86") matches the version of the chromium-based browser you're using and the version number of the artifact is the same as Selenium's.
]]></system-err>
  </testcase>
  <testcase name="runScenario[&quot;Selecting the &quot;upcoming&quot; options from new bikes drop down&quot;, &quot;Identify New Bikes Smoke TestSuite&quot;](2)" classname="com.Identify_NewBikes.StepRunner.TestRunner" time="50.034">
    <system-out><![CDATA[
@smoke
Scenario: Selecting the "upcoming" options from new bikes drop down                                                     # src/test/resources/Features/Identify_NewBikes_Smoke.feature:9
  Given user navigates to zig wheels website with url                                                                   # com.Identify_NewBikes.StepDefinitions.NewBikesAndCars.user_navigates_to_zig_wheels_website_with_url()

    Embedding Selecting the "upcoming" options from new bikes drop down [image/png 37969 bytes]

  When Upon hovering their mouse over the new bikes, the user will be able to view more details regarding the products. # com.Identify_NewBikes.StepDefinitions.NewBikesAndCars.upon_hovering_their_mouse_over_the_new_bikes_the_user_will_be_able_to_view_more_details_regarding_the_products()

    Embedding Selecting the "upcoming" options from new bikes drop down [image/png 866261 bytes]

  Then From the new bikes area, the user selects the upcoming bikes option.                                             # com.Identify_NewBikes.StepDefinitions.NewBikesAndCars.from_the_new_bikes_area_the_user_selects_the_upcoming_bikes_option()

    Embedding Selecting the "upcoming" options from new bikes drop down [image/png 308455 bytes]

  And After receiving the result, the user selects Honda as the manufacturer name from the menu.                        # com.Identify_NewBikes.StepDefinitions.NewBikesAndCars.after_receiving_the_result_the_user_selects_honda_as_the_manufacturer_name_from_the_menu()

    Embedding Selecting the "upcoming" options from new bikes drop down [image/png 29979 bytes]

]]></system-out>
    <system-err><![CDATA[Feb 29, 2024 10:27:03 AM org.openqa.selenium.devtools.CdpVersionFinder findNearestMatch
WARNING: Unable to find CDP implementation matching 118
Feb 29, 2024 10:27:03 AM org.openqa.selenium.chromium.ChromiumDriver lambda$new$5
WARNING: Unable to find version of CDP to use for 118.0.5993.71. You may need to include a dependency on a specific version of the CDP using something similar to `org.seleniumhq.selenium:selenium-devtools-v86:4.17.0` where the version ("v86") matches the version of the chromium-based browser you're using and the version number of the artifact is the same as Selenium's.
]]></system-err>
  </testcase>
  <testcase name="runScenario[&quot;Hovering on used cars in the zig wheels website&quot;, &quot;Identify New Bikes Smoke TestSuite&quot;](3)" classname="com.Identify_NewBikes.StepRunner.TestRunner" time="30.419">
    <system-out><![CDATA[
@smoke
Scenario: Hovering on used cars in the zig wheels website                                     # src/test/resources/Features/Identify_NewBikes_Smoke.feature:16
  Given user moves the mouse pointer over the Zig Wheels website new cars section.            # com.Identify_NewBikes.StepDefinitions.NewBikesAndCars.user_moves_the_mouse_pointer_over_the_zig_wheels_website_new_cars_section()

    Embedding Hovering on used cars in the zig wheels website [image/png 31786 bytes]

  Then From the website new cars area, the user selects the options for used cars in Chennai. # com.Identify_NewBikes.StepDefinitions.NewBikesAndCars.from_the_website_new_cars_area_the_user_selects_the_options_for_used_cars_in_chennai()

    Embedding Hovering on used cars in the zig wheels website [image/png 31786 bytes]

]]></system-out>
    <system-err><![CDATA[Feb 29, 2024 10:28:00 AM org.openqa.selenium.devtools.CdpVersionFinder findNearestMatch
WARNING: Unable to find CDP implementation matching 118
Feb 29, 2024 10:28:00 AM org.openqa.selenium.chromium.ChromiumDriver lambda$new$5
WARNING: Unable to find version of CDP to use for 118.0.5993.71. You may need to include a dependency on a specific version of the CDP using something similar to `org.seleniumhq.selenium:selenium-devtools-v86:4.17.0` where the version ("v86") matches the version of the chromium-based browser you're using and the version number of the artifact is the same as Selenium's.
]]></system-err>
  </testcase>
  <testcase name="runScenario[&quot;Try to &apos;Login&apos; with google, give invalid account details &amp; validate the error message in the zig wheels website&quot;, &quot;Identify New Bikes Smoke TestSuite&quot;](4)" classname="com.Identify_NewBikes.StepRunner.TestRunner" time="46.785">
    <system-out><![CDATA[
@smoke
Scenario: Try to 'Login' with google, give invalid account details & validate the error message in the zig wheels website         # src/test/resources/Features/Identify_NewBikes_Smoke.feature:28
  Given User clicks the Zig Wheels website login/signup button.                                                                   # com.Identify_NewBikes.StepDefinitions.NewBikesAndCars.user_clicks_the_zig_wheels_website_s_login_signup_button()

    Embedding Try to 'Login' with google, give invalid account details & validate the error message in the zig wheels website [image/png 710387 bytes]

  And The user choose a Google login option.                                                                                      # com.Identify_NewBikes.StepDefinitions.NewBikesAndCars.the_user_choose_a_google_login_option()

    Embedding Try to 'Login' with google, give invalid account details & validate the error message in the zig wheels website [image/png 41855 bytes]


  Then User sends an incorrect email using their "vggdxcggmail.com" address, then checks to see whether an error message appears. # com.Identify_NewBikes.StepDefinitions.NewBikesAndCars.user_sends_an_incorrect_email_using_their_address_then_checks_to_see_whether_an_error_message_appears(java.lang.String)

    Embedding Try to 'Login' with google, give invalid account details & validate the error message in the zig wheels website [image/png 51013 bytes]

]]></system-out>
    <system-err><![CDATA[Feb 29, 2024 10:28:27 AM org.openqa.selenium.devtools.CdpVersionFinder findNearestMatch
WARNING: Unable to find CDP implementation matching 118
Feb 29, 2024 10:28:27 AM org.openqa.selenium.chromium.ChromiumDriver lambda$new$5
WARNING: Unable to find version of CDP to use for 118.0.5993.71. You may need to include a dependency on a specific version of the CDP using something similar to `org.seleniumhq.selenium:selenium-devtools-v86:4.17.0` where the version ("v86") matches the version of the chromium-based browser you're using and the version number of the artifact is the same as Selenium's.
]]></system-err>
  </testcase>
  <testcase name="runScenario[&quot;Try to give invalid details in the search bar and validate the error in the zig wheels website&quot;, &quot;Identify New Bikes Smoke TestSuite&quot;](5)" classname="com.Identify_NewBikes.StepRunner.TestRunner" time="30.364">
    <system-out><![CDATA[
@Smoke
Scenario: Try to give invalid details in the search bar and validate the error in the zig wheels website # src/test/resources/Features/Identify_NewBikes_Smoke.feature:38
  Given user clicks on the search box and sends text as "Slkgjsijg;osejdg"                               # com.Identify_NewBikes.StepDefinitions.NewBikesAndCars.user_clicks_on_the_search_box_and_sends_text_as(java.lang.String)

    Embedding Try to give invalid details in the search bar and validate the error in the zig wheels website [image/png 418538 bytes]

No results found for keyword 'Slkgjsijg;osejdg'. Please enter a relevant search item.
  Then click on search and validate the error message diplayed                                           # com.Identify_NewBikes.StepDefinitions.NewBikesAndCars.click_on_search_and_validate_the_error_message_diplayed()

    Embedding Try to give invalid details in the search bar and validate the error in the zig wheels website [image/png 417430 bytes]

]]></system-out>
    <system-err><![CDATA[Feb 29, 2024 10:29:13 AM org.openqa.selenium.devtools.CdpVersionFinder findNearestMatch
WARNING: Unable to find CDP implementation matching 118
Feb 29, 2024 10:29:13 AM org.openqa.selenium.chromium.ChromiumDriver lambda$new$5
WARNING: Unable to find version of CDP to use for 118.0.5993.71. You may need to include a dependency on a specific version of the CDP using something similar to `org.seleniumhq.selenium:selenium-devtools-v86:4.17.0` where the version ("v86") matches the version of the chromium-based browser you're using and the version number of the artifact is the same as Selenium's.
]]></system-err>
  </testcase>
</testsuite>