<?xml version="1.0" encoding="UTF-8"?>
<testng-results ignored="0" total="5" passed="4" failed="1" skipped="0">
  <reporter-output>
  </reporter-output>
  <suite started-at="2024-02-29T11:13:45 IST" name="Default suite" finished-at="2024-02-29T11:18:22 IST" duration-ms="276978">
    <groups>
      <group name="cucumber">
        <method signature="AbstractTestNGCucumberTests.runScenario(io.cucumber.testng.PickleWrapper,io.cucumber.testng.FeatureWrapper)[pri:0, instance:com.Identify_NewBikes.StepRunner.TestRunner@821330f]" name="runScenario" class="io.cucumber.testng.AbstractTestNGCucumberTests"/>
      </group> <!-- cucumber -->
    </groups>
    <test started-at="2024-02-29T11:13:45 IST" name="Default test" finished-at="2024-02-29T11:18:22 IST" duration-ms="276978">
      <class name="com.Identify_NewBikes.StepRunner.TestRunner">
        <test-method is-config="true" signature="setUpClass(org.testng.ITestContext)[pri:0, instance:com.Identify_NewBikes.StepRunner.TestRunner@821330f]" started-at="2024-02-29T11:13:45 IST" name="setUpClass" finished-at="2024-02-29T11:13:50 IST" duration-ms="4881" status="PASS">
          <params>
            <param index="0">
              <value>
                <![CDATA[org.testng.TestRunner@77e730bd]]>
              </value>
            </param>
          </params>
          <reporter-output>
          </reporter-output>
        </test-method> <!-- setUpClass -->
        <test-method signature="runScenario(io.cucumber.testng.PickleWrapper,io.cucumber.testng.FeatureWrapper)[pri:0, instance:com.Identify_NewBikes.StepRunner.TestRunner@821330f]" started-at="2024-02-29T11:13:50 IST" name="runScenario" description="Runs Cucumber Scenarios" data-provider="scenarios" finished-at="2024-02-29T11:14:35 IST" duration-ms="45773" status="PASS">
          <params>
            <param index="0">
              <value>
                <![CDATA["Hovering mouse on the new Bikes dropdown in the zig wheels website"]]>
              </value>
            </param>
            <param index="1">
              <value>
                <![CDATA["Identify New Bikes Smoke TestSuite"]]>
              </value>
            </param>
          </params>
          <reporter-output>
          </reporter-output>
        </test-method> <!-- runScenario -->
        <test-method signature="runScenario(io.cucumber.testng.PickleWrapper,io.cucumber.testng.FeatureWrapper)[pri:0, instance:com.Identify_NewBikes.StepRunner.TestRunner@821330f]" started-at="2024-02-29T11:14:35 IST" name="runScenario" description="Runs Cucumber Scenarios" data-provider="scenarios" finished-at="2024-02-29T11:15:45 IST" duration-ms="69601" status="PASS">
          <params>
            <param index="0">
              <value>
                <![CDATA["Selecting the "upcoming" options from new bikes drop down"]]>
              </value>
            </param>
            <param index="1">
              <value>
                <![CDATA["Identify New Bikes Smoke TestSuite"]]>
              </value>
            </param>
          </params>
          <reporter-output>
          </reporter-output>
        </test-method> <!-- runScenario -->
        <test-method signature="runScenario(io.cucumber.testng.PickleWrapper,io.cucumber.testng.FeatureWrapper)[pri:0, instance:com.Identify_NewBikes.StepRunner.TestRunner@821330f]" started-at="2024-02-29T11:15:45 IST" name="runScenario" description="Runs Cucumber Scenarios" data-provider="scenarios" finished-at="2024-02-29T11:16:42 IST" duration-ms="57342" status="PASS">
          <params>
            <param index="0">
              <value>
                <![CDATA["Hovering on used cars in the zig wheels website"]]>
              </value>
            </param>
            <param index="1">
              <value>
                <![CDATA["Identify New Bikes Smoke TestSuite"]]>
              </value>
            </param>
          </params>
          <reporter-output>
          </reporter-output>
        </test-method> <!-- runScenario -->
        <test-method signature="runScenario(io.cucumber.testng.PickleWrapper,io.cucumber.testng.FeatureWrapper)[pri:0, instance:com.Identify_NewBikes.StepRunner.TestRunner@821330f]" started-at="2024-02-29T11:16:42 IST" name="runScenario" description="Runs Cucumber Scenarios" data-provider="scenarios" finished-at="2024-02-29T11:17:29 IST" duration-ms="47018" status="PASS">
          <params>
            <param index="0">
              <value>
                <![CDATA["Try to 'Login' with google, give invalid account details & validate the error message in the zig wheels website"]]>
              </value>
            </param>
            <param index="1">
              <value>
                <![CDATA["Identify New Bikes Smoke TestSuite"]]>
              </value>
            </param>
          </params>
          <reporter-output>
          </reporter-output>
        </test-method> <!-- runScenario -->
        <test-method signature="runScenario(io.cucumber.testng.PickleWrapper,io.cucumber.testng.FeatureWrapper)[pri:0, instance:com.Identify_NewBikes.StepRunner.TestRunner@821330f]" started-at="2024-02-29T11:17:29 IST" name="runScenario" description="Runs Cucumber Scenarios" data-provider="scenarios" finished-at="2024-02-29T11:17:52 IST" duration-ms="23002" status="FAIL">
          <params>
            <param index="0">
              <value>
                <![CDATA["Try to give invalid details in the search bar and validate the error in the zig wheels website"]]>
              </value>
            </param>
            <param index="1">
              <value>
                <![CDATA["Identify New Bikes Smoke TestSuite"]]>
              </value>
            </param>
          </params>
          <exception class="org.openqa.selenium.NoSuchElementException">
            <message>
              <![CDATA[no such element: Unable to locate element: {"method":"xpath","selector":"(//input[@id='headerSearch'])[1]"}
  (Session info: chrome=118.0.5993.71)
For documentation on this error, please visit: https://www.selenium.dev/documentation/webdriver/troubleshooting/errors#no-such-element-exception
Build info: version: '4.17.0', revision: 'e52b1be057*'
System info: os.name: 'Windows 11', os.arch: 'amd64', os.version: '10.0', java.version: '11.0.20'
Driver info: org.openqa.selenium.chrome.ChromeDriver
Command: [efaa01f66f4c870568b1628e18537660, findElement {value=(//input[@id='headerSearch'])[1], using=xpath}]
Capabilities {acceptInsecureCerts: false, browserName: chrome, browserVersion: 118.0.5993.71, chrome: {chromedriverVersion: 118.0.5993.70 (e52f33f30b91..., userDataDir: C:\Windows\SystemTemp\scope...}, fedcm:accounts: true, goog:chromeOptions: {debuggerAddress: localhost:53675}, networkConnectionEnabled: false, pageLoadStrategy: normal, platformName: windows, proxy: Proxy(), se:cdp: ws://localhost:53675/devtoo..., se:cdpVersion: 118.0.5993.71, setWindowRect: true, strictFileInteractability: false, timeouts: {implicit: 0, pageLoad: 300000, script: 30000}, unhandledPromptBehavior: dismiss and notify, webauthn:extension:credBlob: true, webauthn:extension:largeBlob: true, webauthn:extension:minPinLength: true, webauthn:extension:prf: true, webauthn:virtualAuthenticators: true}
Session ID: efaa01f66f4c870568b1628e18537660]]>
            </message>
            <full-stacktrace>
              <![CDATA[org.openqa.selenium.NoSuchElementException: no such element: Unable to locate element: {"method":"xpath","selector":"(//input[@id='headerSearch'])[1]"}
  (Session info: chrome=118.0.5993.71)
For documentation on this error, please visit: https://www.selenium.dev/documentation/webdriver/troubleshooting/errors#no-such-element-exception
Build info: version: '4.17.0', revision: 'e52b1be057*'
System info: os.name: 'Windows 11', os.arch: 'amd64', os.version: '10.0', java.version: '11.0.20'
Driver info: org.openqa.selenium.chrome.ChromeDriver
Command: [efaa01f66f4c870568b1628e18537660, findElement {value=(//input[@id='headerSearch'])[1], using=xpath}]
Capabilities {acceptInsecureCerts: false, browserName: chrome, browserVersion: 118.0.5993.71, chrome: {chromedriverVersion: 118.0.5993.70 (e52f33f30b91..., userDataDir: C:\Windows\SystemTemp\scope...}, fedcm:accounts: true, goog:chromeOptions: {debuggerAddress: localhost:53675}, networkConnectionEnabled: false, pageLoadStrategy: normal, platformName: windows, proxy: Proxy(), se:cdp: ws://localhost:53675/devtoo..., se:cdpVersion: 118.0.5993.71, setWindowRect: true, strictFileInteractability: false, timeouts: {implicit: 0, pageLoad: 300000, script: 30000}, unhandledPromptBehavior: dismiss and notify, webauthn:extension:credBlob: true, webauthn:extension:largeBlob: true, webauthn:extension:minPinLength: true, webauthn:extension:prf: true, webauthn:virtualAuthenticators: true}
Session ID: efaa01f66f4c870568b1628e18537660
at java.base/jdk.internal.reflect.NativeConstructorAccessorImpl.newInstance0(Native Method)
at java.base/jdk.internal.reflect.NativeConstructorAccessorImpl.newInstance(NativeConstructorAccessorImpl.java:62)
at java.base/jdk.internal.reflect.DelegatingConstructorAccessorImpl.newInstance(DelegatingConstructorAccessorImpl.java:45)
at java.base/java.lang.reflect.Constructor.newInstance(Constructor.java:490)
at org.openqa.selenium.remote.codec.w3c.W3CHttpResponseCodec.createException(W3CHttpResponseCodec.java:185)
at org.openqa.selenium.remote.codec.w3c.W3CHttpResponseCodec.decode(W3CHttpResponseCodec.java:134)
at org.openqa.selenium.remote.codec.w3c.W3CHttpResponseCodec.decode(W3CHttpResponseCodec.java:51)
at org.openqa.selenium.remote.HttpCommandExecutor.execute(HttpCommandExecutor.java:190)
at org.openqa.selenium.remote.service.DriverCommandExecutor.invokeExecute(DriverCommandExecutor.java:216)
at org.openqa.selenium.remote.service.DriverCommandExecutor.execute(DriverCommandExecutor.java:174)
at org.openqa.selenium.remote.RemoteWebDriver.execute(RemoteWebDriver.java:519)
at org.openqa.selenium.remote.ElementLocation$ElementFinder$2.findElement(ElementLocation.java:165)
at org.openqa.selenium.remote.ElementLocation.findElement(ElementLocation.java:59)
at org.openqa.selenium.remote.RemoteWebDriver.findElement(RemoteWebDriver.java:356)
at org.openqa.selenium.remote.RemoteWebDriver.findElement(RemoteWebDriver.java:350)
at com.Identify_NewBikes.PageObjects.Locators.searchFunctionality(Locators.java:262)
at com.Identify_NewBikes.StepDefinitions.NewBikesAndCars.user_clicks_on_the_search_box_and_sends_text_as(NewBikesAndCars.java:124)
at ✽.user clicks on the search box and sends text as "Slkgjsijg;osejdg"(file:///C:/Users/2303927/MajorProjectWorkSpace/Identify_NewBikes/src/test/resources/Features/Identify_NewBikes_Smoke.feature:33)
]]>
            </full-stacktrace>
          </exception> <!-- org.openqa.selenium.NoSuchElementException -->
          <reporter-output>
          </reporter-output>
        </test-method> <!-- runScenario -->
        <test-method is-config="true" signature="tearDownClass()[pri:0, instance:com.Identify_NewBikes.StepRunner.TestRunner@821330f]" started-at="2024-02-29T11:17:52 IST" name="tearDownClass" finished-at="2024-02-29T11:18:22 IST" duration-ms="29133" status="PASS">
          <reporter-output>
          </reporter-output>
        </test-method> <!-- tearDownClass -->
      </class> <!-- com.Identify_NewBikes.StepRunner.TestRunner -->
    </test> <!-- Default test -->
  </suite> <!-- Default suite -->
</testng-results>
